2019-04-26 09:31:37 上午 [Thread: main][ Class:org.apache.ibatis.logging.LogFactory >> Method: org.apache.ibatis.logging.LogFactory.setImplementation(LogFactory.java:135) ]
DEBUG:Logging initialized using 'class org.apache.ibatis.logging.slf4j.Slf4jImpl' adapter.
2019-04-26 09:31:38 上午 [Thread: main][ Class:org.apache.ibatis.datasource.pooled.PooledDataSource >> Method: org.apache.ibatis.datasource.pooled.PooledDataSource.forceCloseAll(PooledDataSource.java:335) ]
DEBUG:PooledDataSource forcefully closed/removed all connections.
2019-04-26 09:31:38 上午 [Thread: main][ Class:org.apache.ibatis.datasource.pooled.PooledDataSource >> Method: org.apache.ibatis.datasource.pooled.PooledDataSource.forceCloseAll(PooledDataSource.java:335) ]
DEBUG:PooledDataSource forcefully closed/removed all connections.
2019-04-26 09:31:38 上午 [Thread: main][ Class:org.apache.ibatis.datasource.pooled.PooledDataSource >> Method: org.apache.ibatis.datasource.pooled.PooledDataSource.forceCloseAll(PooledDataSource.java:335) ]
DEBUG:PooledDataSource forcefully closed/removed all connections.
2019-04-26 09:31:38 上午 [Thread: main][ Class:org.apache.ibatis.datasource.pooled.PooledDataSource >> Method: org.apache.ibatis.datasource.pooled.PooledDataSource.forceCloseAll(PooledDataSource.java:335) ]
DEBUG:PooledDataSource forcefully closed/removed all connections.
2019-04-26 09:31:38 上午 [Thread: main][ Class:org.apache.ibatis.io.VFS >> Method: org.apache.ibatis.io.VFS.getClass(VFS.java:111) ]
DEBUG:Class not found: org.jboss.vfs.VFS
2019-04-26 09:31:38 上午 [Thread: main][ Class:org.apache.ibatis.io.JBoss6VFS >> Method: org.apache.ibatis.io.JBoss6VFS.setInvalid(JBoss6VFS.java:142) ]
DEBUG:JBoss 6 VFS API is not available in this environment.
2019-04-26 09:31:38 上午 [Thread: main][ Class:org.apache.ibatis.io.VFS >> Method: org.apache.ibatis.io.VFS.getClass(VFS.java:111) ]
DEBUG:Class not found: org.jboss.vfs.VirtualFile
2019-04-26 09:31:38 上午 [Thread: main][ Class:org.apache.ibatis.io.VFS >> Method: org.apache.ibatis.io.VFS$VFSHolder.createVFS(VFS.java:63) ]
DEBUG:VFS implementation org.apache.ibatis.io.JBoss6VFS is not valid in this environment.
2019-04-26 09:31:38 上午 [Thread: main][ Class:org.apache.ibatis.io.VFS >> Method: org.apache.ibatis.io.VFS$VFSHolder.createVFS(VFS.java:77) ]
DEBUG:Using VFS adapter org.apache.ibatis.io.DefaultVFS
2019-04-26 09:31:38 上午 [Thread: main][ Class:org.apache.ibatis.transaction.jdbc.JdbcTransaction >> Method: org.apache.ibatis.transaction.jdbc.JdbcTransaction.openConnection(JdbcTransaction.java:137) ]
DEBUG:Opening JDBC Connection
2019-04-26 09:31:38 上午 [Thread: main][ Class:org.apache.ibatis.datasource.pooled.PooledDataSource >> Method: org.apache.ibatis.datasource.pooled.PooledDataSource.popConnection(PooledDataSource.java:406) ]
DEBUG:Created connection 1613095350.
2019-04-26 09:31:38 上午 [Thread: main][ Class:org.apache.ibatis.transaction.jdbc.JdbcTransaction >> Method: org.apache.ibatis.transaction.jdbc.JdbcTransaction.setDesiredAutoCommit(JdbcTransaction.java:101) ]
DEBUG:Setting autocommit to false on JDBC Connection [com.mysql.jdbc.JDBC4Connection@6025e1b6]
2019-04-26 09:31:38 上午 [Thread: main][ Class:mybatispackage.dao.FindName.findCount >> Method: org.apache.ibatis.logging.jdbc.BaseJdbcLogger.debug(BaseJdbcLogger.java:159) ]
DEBUG:==>  Preparing: select count(*) from classtable 
2019-04-26 09:31:38 上午 [Thread: main][ Class:mybatispackage.dao.FindName.findCount >> Method: org.apache.ibatis.logging.jdbc.BaseJdbcLogger.debug(BaseJdbcLogger.java:159) ]
DEBUG:==> Parameters: 
2019-04-26 09:31:38 上午 [Thread: main][ Class:mybatispackage.dao.FindName.findCount >> Method: org.apache.ibatis.logging.jdbc.BaseJdbcLogger.debug(BaseJdbcLogger.java:159) ]
DEBUG:<==      Total: 1
2019-04-26 09:31:38 上午 [Thread: Finalizer][ Class:org.apache.ibatis.datasource.pooled.PooledDataSource >> Method: org.apache.ibatis.datasource.pooled.PooledDataSource.forceCloseAll(PooledDataSource.java:335) ]
DEBUG:PooledDataSource forcefully closed/removed all connections.
2019-04-26 13:25:14 下午 [Thread: main][ Class:org.apache.ibatis.logging.LogFactory >> Method: org.apache.ibatis.logging.LogFactory.setImplementation(LogFactory.java:135) ]
DEBUG:Logging initialized using 'class org.apache.ibatis.logging.slf4j.Slf4jImpl' adapter.
2019-04-26 13:25:15 下午 [Thread: main][ Class:org.apache.ibatis.datasource.pooled.PooledDataSource >> Method: org.apache.ibatis.datasource.pooled.PooledDataSource.forceCloseAll(PooledDataSource.java:335) ]
DEBUG:PooledDataSource forcefully closed/removed all connections.
2019-04-26 13:25:15 下午 [Thread: main][ Class:org.apache.ibatis.datasource.pooled.PooledDataSource >> Method: org.apache.ibatis.datasource.pooled.PooledDataSource.forceCloseAll(PooledDataSource.java:335) ]
DEBUG:PooledDataSource forcefully closed/removed all connections.
2019-04-26 13:25:15 下午 [Thread: main][ Class:org.apache.ibatis.datasource.pooled.PooledDataSource >> Method: org.apache.ibatis.datasource.pooled.PooledDataSource.forceCloseAll(PooledDataSource.java:335) ]
DEBUG:PooledDataSource forcefully closed/removed all connections.
2019-04-26 13:25:15 下午 [Thread: main][ Class:org.apache.ibatis.datasource.pooled.PooledDataSource >> Method: org.apache.ibatis.datasource.pooled.PooledDataSource.forceCloseAll(PooledDataSource.java:335) ]
DEBUG:PooledDataSource forcefully closed/removed all connections.
2019-04-26 13:25:15 下午 [Thread: main][ Class:org.apache.ibatis.io.VFS >> Method: org.apache.ibatis.io.VFS.getClass(VFS.java:111) ]
DEBUG:Class not found: org.jboss.vfs.VFS
2019-04-26 13:25:15 下午 [Thread: main][ Class:org.apache.ibatis.io.JBoss6VFS >> Method: org.apache.ibatis.io.JBoss6VFS.setInvalid(JBoss6VFS.java:142) ]
DEBUG:JBoss 6 VFS API is not available in this environment.
2019-04-26 13:25:15 下午 [Thread: main][ Class:org.apache.ibatis.io.VFS >> Method: org.apache.ibatis.io.VFS.getClass(VFS.java:111) ]
DEBUG:Class not found: org.jboss.vfs.VirtualFile
2019-04-26 13:25:15 下午 [Thread: main][ Class:org.apache.ibatis.io.VFS >> Method: org.apache.ibatis.io.VFS$VFSHolder.createVFS(VFS.java:63) ]
DEBUG:VFS implementation org.apache.ibatis.io.JBoss6VFS is not valid in this environment.
2019-04-26 13:25:15 下午 [Thread: main][ Class:org.apache.ibatis.io.VFS >> Method: org.apache.ibatis.io.VFS$VFSHolder.createVFS(VFS.java:77) ]
DEBUG:Using VFS adapter org.apache.ibatis.io.DefaultVFS
2019-04-26 13:27:17 下午 [Thread: main][ Class:org.apache.ibatis.logging.LogFactory >> Method: org.apache.ibatis.logging.LogFactory.setImplementation(LogFactory.java:135) ]
DEBUG:Logging initialized using 'class org.apache.ibatis.logging.slf4j.Slf4jImpl' adapter.
2019-04-26 13:27:17 下午 [Thread: main][ Class:org.apache.ibatis.datasource.pooled.PooledDataSource >> Method: org.apache.ibatis.datasource.pooled.PooledDataSource.forceCloseAll(PooledDataSource.java:335) ]
DEBUG:PooledDataSource forcefully closed/removed all connections.
2019-04-26 13:27:17 下午 [Thread: main][ Class:org.apache.ibatis.datasource.pooled.PooledDataSource >> Method: org.apache.ibatis.datasource.pooled.PooledDataSource.forceCloseAll(PooledDataSource.java:335) ]
DEBUG:PooledDataSource forcefully closed/removed all connections.
2019-04-26 13:27:17 下午 [Thread: main][ Class:org.apache.ibatis.datasource.pooled.PooledDataSource >> Method: org.apache.ibatis.datasource.pooled.PooledDataSource.forceCloseAll(PooledDataSource.java:335) ]
DEBUG:PooledDataSource forcefully closed/removed all connections.
2019-04-26 13:27:17 下午 [Thread: main][ Class:org.apache.ibatis.datasource.pooled.PooledDataSource >> Method: org.apache.ibatis.datasource.pooled.PooledDataSource.forceCloseAll(PooledDataSource.java:335) ]
DEBUG:PooledDataSource forcefully closed/removed all connections.
2019-04-26 13:27:17 下午 [Thread: main][ Class:org.apache.ibatis.io.VFS >> Method: org.apache.ibatis.io.VFS.getClass(VFS.java:111) ]
DEBUG:Class not found: org.jboss.vfs.VFS
2019-04-26 13:27:17 下午 [Thread: main][ Class:org.apache.ibatis.io.JBoss6VFS >> Method: org.apache.ibatis.io.JBoss6VFS.setInvalid(JBoss6VFS.java:142) ]
DEBUG:JBoss 6 VFS API is not available in this environment.
2019-04-26 13:27:17 下午 [Thread: main][ Class:org.apache.ibatis.io.VFS >> Method: org.apache.ibatis.io.VFS.getClass(VFS.java:111) ]
DEBUG:Class not found: org.jboss.vfs.VirtualFile
2019-04-26 13:27:17 下午 [Thread: main][ Class:org.apache.ibatis.io.VFS >> Method: org.apache.ibatis.io.VFS$VFSHolder.createVFS(VFS.java:63) ]
DEBUG:VFS implementation org.apache.ibatis.io.JBoss6VFS is not valid in this environment.
2019-04-26 13:27:17 下午 [Thread: main][ Class:org.apache.ibatis.io.VFS >> Method: org.apache.ibatis.io.VFS$VFSHolder.createVFS(VFS.java:77) ]
DEBUG:Using VFS adapter org.apache.ibatis.io.DefaultVFS
2019-04-26 13:27:17 下午 [Thread: main][ Class:org.apache.ibatis.transaction.jdbc.JdbcTransaction >> Method: org.apache.ibatis.transaction.jdbc.JdbcTransaction.openConnection(JdbcTransaction.java:137) ]
DEBUG:Opening JDBC Connection
2019-04-26 13:27:18 下午 [Thread: main][ Class:org.apache.ibatis.datasource.pooled.PooledDataSource >> Method: org.apache.ibatis.datasource.pooled.PooledDataSource.popConnection(PooledDataSource.java:406) ]
DEBUG:Created connection 615438348.
2019-04-26 13:27:18 下午 [Thread: main][ Class:org.apache.ibatis.transaction.jdbc.JdbcTransaction >> Method: org.apache.ibatis.transaction.jdbc.JdbcTransaction.setDesiredAutoCommit(JdbcTransaction.java:101) ]
DEBUG:Setting autocommit to false on JDBC Connection [com.mysql.jdbc.JDBC4Connection@24aed80c]
2019-04-26 13:27:18 下午 [Thread: main][ Class:mybatispackage.dao.FindName.findName >> Method: org.apache.ibatis.logging.jdbc.BaseJdbcLogger.debug(BaseJdbcLogger.java:159) ]
DEBUG:==>  Preparing: select * from classtable WHERE stuName like concat('%',?,'%') and teacherName like concat('%',?,'%') limit ?,? 
2019-04-26 13:27:18 下午 [Thread: main][ Class:mybatispackage.dao.FindName.findName >> Method: org.apache.ibatis.logging.jdbc.BaseJdbcLogger.debug(BaseJdbcLogger.java:159) ]
DEBUG:==> Parameters: 陈(String), 王(String), 0(Integer), 4(Integer)
2019-04-26 13:27:18 下午 [Thread: main][ Class:mybatispackage.dao.FindName.findName >> Method: org.apache.ibatis.logging.jdbc.BaseJdbcLogger.debug(BaseJdbcLogger.java:159) ]
DEBUG:<==      Total: 0
2019-04-26 13:27:18 下午 [Thread: main][ Class:org.apache.ibatis.transaction.jdbc.JdbcTransaction >> Method: org.apache.ibatis.transaction.jdbc.JdbcTransaction.resetAutoCommit(JdbcTransaction.java:123) ]
DEBUG:Resetting autocommit to true on JDBC Connection [com.mysql.jdbc.JDBC4Connection@24aed80c]
2019-04-26 13:27:18 下午 [Thread: main][ Class:org.apache.ibatis.transaction.jdbc.JdbcTransaction >> Method: org.apache.ibatis.transaction.jdbc.JdbcTransaction.close(JdbcTransaction.java:91) ]
DEBUG:Closing JDBC Connection [com.mysql.jdbc.JDBC4Connection@24aed80c]
2019-04-26 13:27:18 下午 [Thread: main][ Class:org.apache.ibatis.datasource.pooled.PooledDataSource >> Method: org.apache.ibatis.datasource.pooled.PooledDataSource.pushConnection(PooledDataSource.java:363) ]
DEBUG:Returned connection 615438348 to pool.
2019-04-26 13:28:42 下午 [Thread: main][ Class:org.apache.ibatis.logging.LogFactory >> Method: org.apache.ibatis.logging.LogFactory.setImplementation(LogFactory.java:135) ]
DEBUG:Logging initialized using 'class org.apache.ibatis.logging.slf4j.Slf4jImpl' adapter.
2019-04-26 13:28:42 下午 [Thread: main][ Class:org.apache.ibatis.datasource.pooled.PooledDataSource >> Method: org.apache.ibatis.datasource.pooled.PooledDataSource.forceCloseAll(PooledDataSource.java:335) ]
DEBUG:PooledDataSource forcefully closed/removed all connections.
2019-04-26 13:28:42 下午 [Thread: main][ Class:org.apache.ibatis.datasource.pooled.PooledDataSource >> Method: org.apache.ibatis.datasource.pooled.PooledDataSource.forceCloseAll(PooledDataSource.java:335) ]
DEBUG:PooledDataSource forcefully closed/removed all connections.
2019-04-26 13:28:42 下午 [Thread: main][ Class:org.apache.ibatis.datasource.pooled.PooledDataSource >> Method: org.apache.ibatis.datasource.pooled.PooledDataSource.forceCloseAll(PooledDataSource.java:335) ]
DEBUG:PooledDataSource forcefully closed/removed all connections.
2019-04-26 13:28:42 下午 [Thread: main][ Class:org.apache.ibatis.datasource.pooled.PooledDataSource >> Method: org.apache.ibatis.datasource.pooled.PooledDataSource.forceCloseAll(PooledDataSource.java:335) ]
DEBUG:PooledDataSource forcefully closed/removed all connections.
2019-04-26 13:28:42 下午 [Thread: main][ Class:org.apache.ibatis.io.VFS >> Method: org.apache.ibatis.io.VFS.getClass(VFS.java:111) ]
DEBUG:Class not found: org.jboss.vfs.VFS
2019-04-26 13:28:42 下午 [Thread: main][ Class:org.apache.ibatis.io.JBoss6VFS >> Method: org.apache.ibatis.io.JBoss6VFS.setInvalid(JBoss6VFS.java:142) ]
DEBUG:JBoss 6 VFS API is not available in this environment.
2019-04-26 13:28:42 下午 [Thread: main][ Class:org.apache.ibatis.io.VFS >> Method: org.apache.ibatis.io.VFS.getClass(VFS.java:111) ]
DEBUG:Class not found: org.jboss.vfs.VirtualFile
2019-04-26 13:28:42 下午 [Thread: main][ Class:org.apache.ibatis.io.VFS >> Method: org.apache.ibatis.io.VFS$VFSHolder.createVFS(VFS.java:63) ]
DEBUG:VFS implementation org.apache.ibatis.io.JBoss6VFS is not valid in this environment.
2019-04-26 13:28:42 下午 [Thread: main][ Class:org.apache.ibatis.io.VFS >> Method: org.apache.ibatis.io.VFS$VFSHolder.createVFS(VFS.java:77) ]
DEBUG:Using VFS adapter org.apache.ibatis.io.DefaultVFS
2019-04-26 13:28:42 下午 [Thread: main][ Class:org.apache.ibatis.transaction.jdbc.JdbcTransaction >> Method: org.apache.ibatis.transaction.jdbc.JdbcTransaction.openConnection(JdbcTransaction.java:137) ]
DEBUG:Opening JDBC Connection
2019-04-26 13:28:43 下午 [Thread: main][ Class:org.apache.ibatis.datasource.pooled.PooledDataSource >> Method: org.apache.ibatis.datasource.pooled.PooledDataSource.popConnection(PooledDataSource.java:406) ]
DEBUG:Created connection 615438348.
2019-04-26 13:28:43 下午 [Thread: main][ Class:org.apache.ibatis.transaction.jdbc.JdbcTransaction >> Method: org.apache.ibatis.transaction.jdbc.JdbcTransaction.setDesiredAutoCommit(JdbcTransaction.java:101) ]
DEBUG:Setting autocommit to false on JDBC Connection [com.mysql.jdbc.JDBC4Connection@24aed80c]
2019-04-26 13:28:43 下午 [Thread: main][ Class:mybatispackage.dao.FindName.findName >> Method: org.apache.ibatis.logging.jdbc.BaseJdbcLogger.debug(BaseJdbcLogger.java:159) ]
DEBUG:==>  Preparing: select * from classtable WHERE stuName like concat('%',?,'%') and teacherName like concat('%',?,'%') limit ?,? 
2019-04-26 13:28:43 下午 [Thread: main][ Class:mybatispackage.dao.FindName.findName >> Method: org.apache.ibatis.logging.jdbc.BaseJdbcLogger.debug(BaseJdbcLogger.java:159) ]
DEBUG:==> Parameters: 刘(String), 王(String), 0(Integer), 4(Integer)
2019-04-26 13:28:43 下午 [Thread: main][ Class:mybatispackage.dao.FindName.findName >> Method: org.apache.ibatis.logging.jdbc.BaseJdbcLogger.debug(BaseJdbcLogger.java:159) ]
DEBUG:<==      Total: 2
2019-04-26 13:28:43 下午 [Thread: main][ Class:org.apache.ibatis.transaction.jdbc.JdbcTransaction >> Method: org.apache.ibatis.transaction.jdbc.JdbcTransaction.resetAutoCommit(JdbcTransaction.java:123) ]
DEBUG:Resetting autocommit to true on JDBC Connection [com.mysql.jdbc.JDBC4Connection@24aed80c]
2019-04-26 13:28:43 下午 [Thread: main][ Class:org.apache.ibatis.transaction.jdbc.JdbcTransaction >> Method: org.apache.ibatis.transaction.jdbc.JdbcTransaction.close(JdbcTransaction.java:91) ]
DEBUG:Closing JDBC Connection [com.mysql.jdbc.JDBC4Connection@24aed80c]
2019-04-26 13:28:43 下午 [Thread: main][ Class:org.apache.ibatis.datasource.pooled.PooledDataSource >> Method: org.apache.ibatis.datasource.pooled.PooledDataSource.pushConnection(PooledDataSource.java:363) ]
DEBUG:Returned connection 615438348 to pool.
 13:37:20 下午 [Thread: main][ org.apache.ibatis.logging.LogFactory >> Method: org.apache.ibatis.logging.LogFactory.setImplementation(LogFactory.java:135) ]
DEBUG:Logging initialized using 'class org.apache.ibatis.logging.slf4j.Slf4jImpl' adapter.
 13:37:21 下午 [Thread: main][ org.apache.ibatis.datasource.pooled.PooledDataSource >> Method: org.apache.ibatis.datasource.pooled.PooledDataSource.forceCloseAll(PooledDataSource.java:335) ]
DEBUG:PooledDataSource forcefully closed/removed all connections.
 13:37:21 下午 [Thread: main][ org.apache.ibatis.datasource.pooled.PooledDataSource >> Method: org.apache.ibatis.datasource.pooled.PooledDataSource.forceCloseAll(PooledDataSource.java:335) ]
DEBUG:PooledDataSource forcefully closed/removed all connections.
 13:37:21 下午 [Thread: main][ org.apache.ibatis.datasource.pooled.PooledDataSource >> Method: org.apache.ibatis.datasource.pooled.PooledDataSource.forceCloseAll(PooledDataSource.java:335) ]
DEBUG:PooledDataSource forcefully closed/removed all connections.
 13:37:21 下午 [Thread: main][ org.apache.ibatis.datasource.pooled.PooledDataSource >> Method: org.apache.ibatis.datasource.pooled.PooledDataSource.forceCloseAll(PooledDataSource.java:335) ]
DEBUG:PooledDataSource forcefully closed/removed all connections.
 13:37:21 下午 [Thread: main][ org.apache.ibatis.io.VFS >> Method: org.apache.ibatis.io.VFS.getClass(VFS.java:111) ]
DEBUG:Class not found: org.jboss.vfs.VFS
 13:37:21 下午 [Thread: main][ org.apache.ibatis.io.JBoss6VFS >> Method: org.apache.ibatis.io.JBoss6VFS.setInvalid(JBoss6VFS.java:142) ]
DEBUG:JBoss 6 VFS API is not available in this environment.
 13:37:21 下午 [Thread: main][ org.apache.ibatis.io.VFS >> Method: org.apache.ibatis.io.VFS.getClass(VFS.java:111) ]
DEBUG:Class not found: org.jboss.vfs.VirtualFile
 13:37:21 下午 [Thread: main][ org.apache.ibatis.io.VFS >> Method: org.apache.ibatis.io.VFS$VFSHolder.createVFS(VFS.java:63) ]
DEBUG:VFS implementation org.apache.ibatis.io.JBoss6VFS is not valid in this environment.
 13:37:21 下午 [Thread: main][ org.apache.ibatis.io.VFS >> Method: org.apache.ibatis.io.VFS$VFSHolder.createVFS(VFS.java:77) ]
DEBUG:Using VFS adapter org.apache.ibatis.io.DefaultVFS
 13:37:21 下午 [Thread: main][ org.apache.ibatis.transaction.jdbc.JdbcTransaction >> Method: org.apache.ibatis.transaction.jdbc.JdbcTransaction.openConnection(JdbcTransaction.java:137) ]
DEBUG:Opening JDBC Connection
 13:37:21 下午 [Thread: main][ org.apache.ibatis.datasource.pooled.PooledDataSource >> Method: org.apache.ibatis.datasource.pooled.PooledDataSource.popConnection(PooledDataSource.java:406) ]
DEBUG:Created connection 615438348.
 13:37:21 下午 [Thread: main][ org.apache.ibatis.transaction.jdbc.JdbcTransaction >> Method: org.apache.ibatis.transaction.jdbc.JdbcTransaction.setDesiredAutoCommit(JdbcTransaction.java:101) ]
DEBUG:Setting autocommit to false on JDBC Connection [com.mysql.jdbc.JDBC4Connection@24aed80c]
 13:37:21 下午 [Thread: main][ mybatispackage.dao.FindName.findName >> Method: org.apache.ibatis.logging.jdbc.BaseJdbcLogger.debug(BaseJdbcLogger.java:159) ]
DEBUG:==>  Preparing: select * from classtable WHERE stuName like concat('%',?,'%') and teacherName like concat('%',?,'%') limit ?,? 
 13:37:22 下午 [Thread: main][ mybatispackage.dao.FindName.findName >> Method: org.apache.ibatis.logging.jdbc.BaseJdbcLogger.debug(BaseJdbcLogger.java:159) ]
DEBUG:==> Parameters: 刘(String), 王(String), 0(Integer), 4(Integer)
 13:37:22 下午 [Thread: main][ mybatispackage.dao.FindName.findName >> Method: org.apache.ibatis.logging.jdbc.BaseJdbcLogger.debug(BaseJdbcLogger.java:159) ]
DEBUG:<==      Total: 2
 13:37:22 下午 [Thread: main][ org.apache.ibatis.transaction.jdbc.JdbcTransaction >> Method: org.apache.ibatis.transaction.jdbc.JdbcTransaction.resetAutoCommit(JdbcTransaction.java:123) ]
DEBUG:Resetting autocommit to true on JDBC Connection [com.mysql.jdbc.JDBC4Connection@24aed80c]
 13:37:22 下午 [Thread: main][ org.apache.ibatis.transaction.jdbc.JdbcTransaction >> Method: org.apache.ibatis.transaction.jdbc.JdbcTransaction.close(JdbcTransaction.java:91) ]
DEBUG:Closing JDBC Connection [com.mysql.jdbc.JDBC4Connection@24aed80c]
 13:37:22 下午 [Thread: main][ org.apache.ibatis.datasource.pooled.PooledDataSource >> Method: org.apache.ibatis.datasource.pooled.PooledDataSource.pushConnection(PooledDataSource.java:363) ]
DEBUG:Returned connection 615438348 to pool.
